2023.11.17 23:25:38 INFO  Started: Metals version 1.1.0 in folders 'C:\leetcode' for client Visual Studio Code 1.84.2.
2023.11.17 23:25:43 WARN  Build server is not auto-connectable.
2023.11.17 23:25:44 WARN  no build target for: C:\leetcode\scala\t.scala
2023.11.17 23:25:44 WARN  no build tool detected in workspace 'C:\leetcode'. The most common cause for this problem is that the editor was opened in the wrong working directory, for example if you use sbt then the workspace directory should contain build.sbt. 
2023.11.17 23:26:03 INFO  no build target found for C:\leetcode\scala\t.scala. Using presentation compiler with project's scala-library version: 3.3.1
2023.11.17 23:26:06 WARN  Could not find semantic tokens for: file:///C:/leetcode/scala/t.scala
2023.11.17 23:26:06 INFO  time: code lens generation in 22s
2023.11.17 23:26:09 WARN  Could not find semantic tokens for: file:///C:/leetcode/scala/t.scala
2023.11.17 23:26:09 INFO  time: code lens generation in 1.16s
2023.11.17 23:26:09 INFO  time: code lens generation in 1.94s
2023.11.17 23:26:09 WARN  Could not find semantic tokens for: file:///C:/leetcode/scala/t.scala
2023.11.17 23:26:11 WARN  Could not find semantic tokens for: file:///C:/leetcode/scala/t.scala
2023.11.17 23:26:21 WARN  Could not find semantic tokens for: file:///C:/leetcode/scala/t.scala
2023.11.17 23:26:23 WARN  Could not find semantic tokens for: file:///C:/leetcode/scala/t.scala
Downloading https://repo1.maven.org/maven2/org/scala-lang/scala-reflect/2.13.11/scala-reflect-2.13.11.pom
Downloading https://repo1.maven.org/maven2/org/scalameta/scalafmt-core_2.13/3.7.14/scalafmt-core_2.13-3.7.14.pom
Downloaded https://repo1.maven.org/maven2/org/scala-lang/scala-reflect/2.13.11/scala-reflect-2.13.11.pom
Downloaded https://repo1.maven.org/maven2/org/scalameta/scalafmt-core_2.13/3.7.14/scalafmt-core_2.13-3.7.14.pom
Downloading https://repo1.maven.org/maven2/org/scalameta/scalafmt-sysops_2.13/3.7.14/scalafmt-sysops_2.13-3.7.14.pom
Downloading https://repo1.maven.org/maven2/org/scala-lang/scala-library/2.13.11/scala-library-2.13.11.pom
Downloading https://repo1.maven.org/maven2/org/scalameta/scalameta_2.13/4.8.10/scalameta_2.13-4.8.10.pom
Downloading https://repo1.maven.org/maven2/org/scalameta/scalafmt-config_2.13/3.7.14/scalafmt-config_2.13-3.7.14.pom
Downloaded https://repo1.maven.org/maven2/org/scalameta/scalafmt-sysops_2.13/3.7.14/scalafmt-sysops_2.13-3.7.14.pom
Downloaded https://repo1.maven.org/maven2/org/scalameta/scalafmt-config_2.13/3.7.14/scalafmt-config_2.13-3.7.14.pom
Downloaded https://repo1.maven.org/maven2/org/scalameta/scalameta_2.13/4.8.10/scalameta_2.13-4.8.10.pom
Downloaded https://repo1.maven.org/maven2/org/scala-lang/scala-library/2.13.11/scala-library-2.13.11.pom
Downloading https://repo1.maven.org/maven2/com/geirsson/metaconfig-typesafe-config_2.13/0.11.1/metaconfig-typesafe-config_2.13-0.11.1.pom
Downloading https://repo1.maven.org/maven2/org/scalameta/parsers_2.13/4.8.10/parsers_2.13-4.8.10.pom
Downloading https://repo1.maven.org/maven2/com/geirsson/metaconfig-core_2.13/0.11.1/metaconfig-core_2.13-0.11.1.pom
Downloading https://repo1.maven.org/maven2/org/scala-lang/scalap/2.13.11/scalap-2.13.11.pom
Downloaded https://repo1.maven.org/maven2/org/scalameta/parsers_2.13/4.8.10/parsers_2.13-4.8.10.pom
Downloaded https://repo1.maven.org/maven2/com/geirsson/metaconfig-typesafe-config_2.13/0.11.1/metaconfig-typesafe-config_2.13-0.11.1.pom
Downloaded https://repo1.maven.org/maven2/com/geirsson/metaconfig-core_2.13/0.11.1/metaconfig-core_2.13-0.11.1.pom
Downloaded https://repo1.maven.org/maven2/org/scala-lang/scalap/2.13.11/scalap-2.13.11.pom
Downloading https://repo1.maven.org/maven2/org/scala-lang/scala-compiler/2.13.11/scala-compiler-2.13.11.pom
Downloading https://repo1.maven.org/maven2/org/scala-lang/modules/scala-collection-compat_2.13/2.5.0/scala-collection-compat_2.13-2.5.0.pom
Downloading https://repo1.maven.org/maven2/com/geirsson/metaconfig-pprint_2.13/0.11.1/metaconfig-pprint_2.13-0.11.1.pom
Downloading https://repo1.maven.org/maven2/org/typelevel/paiges-core_2.13/0.4.2/paiges-core_2.13-0.4.2.pom
Downloading https://repo1.maven.org/maven2/org/scalameta/trees_2.13/4.8.10/trees_2.13-4.8.10.pom
Downloading https://repo1.maven.org/maven2/com/typesafe/config/1.4.1/config-1.4.1.pom
Downloaded https://repo1.maven.org/maven2/org/scala-lang/scala-compiler/2.13.11/scala-compiler-2.13.11.pom
Downloaded https://repo1.maven.org/maven2/org/scala-lang/modules/scala-collection-compat_2.13/2.5.0/scala-collection-compat_2.13-2.5.0.pom
Downloaded https://repo1.maven.org/maven2/com/geirsson/metaconfig-pprint_2.13/0.11.1/metaconfig-pprint_2.13-0.11.1.pom
Downloaded https://repo1.maven.org/maven2/org/scalameta/trees_2.13/4.8.10/trees_2.13-4.8.10.pom
Downloaded https://repo1.maven.org/maven2/org/typelevel/paiges-core_2.13/0.4.2/paiges-core_2.13-0.4.2.pom
Downloaded https://repo1.maven.org/maven2/com/typesafe/config/1.4.1/config-1.4.1.pom
Downloading https://repo1.maven.org/maven2/org/scalameta/common_2.13/4.8.10/common_2.13-4.8.10.pom
Downloading https://repo1.maven.org/maven2/com/lihaoyi/fansi_2.13/0.3.0/fansi_2.13-0.3.0.pom
Downloaded https://repo1.maven.org/maven2/com/lihaoyi/fansi_2.13/0.3.0/fansi_2.13-0.3.0.pom
Downloaded https://repo1.maven.org/maven2/org/scalameta/common_2.13/4.8.10/common_2.13-4.8.10.pom
Downloading https://repo1.maven.org/maven2/org/scala-lang/scala-compiler/2.13.11/scala-compiler-2.13.11.jar
Downloading https://repo1.maven.org/maven2/com/lihaoyi/sourcecode_2.13/0.3.0/sourcecode_2.13-0.3.0.jar
Downloading https://repo1.maven.org/maven2/com/lihaoyi/fansi_2.13/0.3.0/fansi_2.13-0.3.0.jar
Downloading https://repo1.maven.org/maven2/com/geirsson/metaconfig-pprint_2.13/0.11.1/metaconfig-pprint_2.13-0.11.1.jar
Downloaded https://repo1.maven.org/maven2/com/lihaoyi/sourcecode_2.13/0.3.0/sourcecode_2.13-0.3.0.jar
Downloading https://repo1.maven.org/maven2/org/scalameta/common_2.13/4.8.10/common_2.13-4.8.10.jar
Downloading https://repo1.maven.org/maven2/org/scalameta/trees_2.13/4.8.10/trees_2.13-4.8.10.jar
Downloaded https://repo1.maven.org/maven2/com/geirsson/metaconfig-pprint_2.13/0.11.1/metaconfig-pprint_2.13-0.11.1.jar
Downloading https://repo1.maven.org/maven2/org/scala-lang/scala-library/2.13.11/scala-library-2.13.11.jar
Downloading https://repo1.maven.org/maven2/com/geirsson/metaconfig-core_2.13/0.11.1/metaconfig-core_2.13-0.11.1.jar
Downloaded https://repo1.maven.org/maven2/com/lihaoyi/fansi_2.13/0.3.0/fansi_2.13-0.3.0.jar
Downloading https://repo1.maven.org/maven2/org/scalameta/scalafmt-config_2.13/3.7.14/scalafmt-config_2.13-3.7.14.jar
Downloaded https://repo1.maven.org/maven2/org/scalameta/scalafmt-config_2.13/3.7.14/scalafmt-config_2.13-3.7.14.jar
Downloading https://repo1.maven.org/maven2/com/typesafe/config/1.4.1/config-1.4.1.jar
Downloaded https://repo1.maven.org/maven2/com/geirsson/metaconfig-core_2.13/0.11.1/metaconfig-core_2.13-0.11.1.jar
Downloading https://repo1.maven.org/maven2/org/scala-lang/scalap/2.13.11/scalap-2.13.11.jar
Downloaded https://repo1.maven.org/maven2/com/typesafe/config/1.4.1/config-1.4.1.jar
Downloading https://repo1.maven.org/maven2/org/scala-lang/modules/scala-collection-compat_2.13/2.5.0/scala-collection-compat_2.13-2.5.0.jar
Downloaded https://repo1.maven.org/maven2/org/scala-lang/modules/scala-collection-compat_2.13/2.5.0/scala-collection-compat_2.13-2.5.0.jar
Downloading https://repo1.maven.org/maven2/com/geirsson/metaconfig-typesafe-config_2.13/0.11.1/metaconfig-typesafe-config_2.13-0.11.1.jar
Downloaded https://repo1.maven.org/maven2/com/geirsson/metaconfig-typesafe-config_2.13/0.11.1/metaconfig-typesafe-config_2.13-0.11.1.jar
Downloading https://repo1.maven.org/maven2/org/scalameta/parsers_2.13/4.8.10/parsers_2.13-4.8.10.jar
Downloaded https://repo1.maven.org/maven2/org/scala-lang/scalap/2.13.11/scalap-2.13.11.jar
Downloading https://repo1.maven.org/maven2/org/typelevel/paiges-core_2.13/0.4.2/paiges-core_2.13-0.4.2.jar
Downloaded https://repo1.maven.org/maven2/org/typelevel/paiges-core_2.13/0.4.2/paiges-core_2.13-0.4.2.jar
Downloading https://repo1.maven.org/maven2/org/scalameta/scalameta_2.13/4.8.10/scalameta_2.13-4.8.10.jar
Downloaded https://repo1.maven.org/maven2/org/scalameta/scalameta_2.13/4.8.10/scalameta_2.13-4.8.10.jar
Downloading https://repo1.maven.org/maven2/org/scala-lang/scala-reflect/2.13.11/scala-reflect-2.13.11.jar
Downloaded https://repo1.maven.org/maven2/org/scalameta/parsers_2.13/4.8.10/parsers_2.13-4.8.10.jar
Downloading https://repo1.maven.org/maven2/org/scalameta/scalafmt-core_2.13/3.7.14/scalafmt-core_2.13-3.7.14.jar
Downloaded https://repo1.maven.org/maven2/org/scalameta/common_2.13/4.8.10/common_2.13-4.8.10.jar
Downloading https://repo1.maven.org/maven2/org/scalameta/scalafmt-sysops_2.13/3.7.14/scalafmt-sysops_2.13-3.7.14.jar
Downloaded https://repo1.maven.org/maven2/org/scalameta/scalafmt-sysops_2.13/3.7.14/scalafmt-sysops_2.13-3.7.14.jar
Downloaded https://repo1.maven.org/maven2/org/scalameta/trees_2.13/4.8.10/trees_2.13-4.8.10.jar
Downloaded https://repo1.maven.org/maven2/org/scala-lang/scala-reflect/2.13.11/scala-reflect-2.13.11.jar
Downloaded https://repo1.maven.org/maven2/org/scalameta/scalafmt-core_2.13/3.7.14/scalafmt-core_2.13-3.7.14.jar
Downloaded https://repo1.maven.org/maven2/org/scala-lang/scala-library/2.13.11/scala-library-2.13.11.jar
Downloaded https://repo1.maven.org/maven2/org/scala-lang/scala-compiler/2.13.11/scala-compiler-2.13.11.jar
2023.11.17 23:28:43 WARN  no build target for: C:\leetcode\scala\t.scala
2023.11.17 23:28:48 WARN  no build target for: C:\leetcode\scala\t.scala
2023.11.17 23:28:48 WARN  no build target for: C:\leetcode\scala\t.scala
2023.11.17 23:28:48 WARN  no build target for: C:\leetcode\scala\t.scala
Exception in thread "pool-3-thread-1" java.lang.InterruptedException
	at scala.meta.internal.metals.FutureCancelToken.checkCanceled(FutureCancelToken.scala:29)
	at scala.meta.internal.pc.CompilerAccess.onCompilerJobQueue$$anonfun$1(CompilerAccess.scala:230)
	at scala.meta.internal.pc.CompilerJobQueue$Job.run(CompilerJobQueue.scala:152)
	at java.base/java.util.concurrent.ThreadPoolExecutor.runWorker(ThreadPoolExecutor.java:1136)
	at java.base/java.util.concurrent.ThreadPoolExecutor$Worker.run(ThreadPoolExecutor.java:635)
	at java.base/java.lang.Thread.run(Thread.java:833)
2023.11.17 23:28:49 WARN  no build target for: C:\leetcode\scala\t.scala
2023.11.17 23:29:05 WARN  no build target for: C:\leetcode\scala\t.scala
2023.11.17 23:33:46 INFO  Shutting down server
2023.11.17 23:33:46 INFO  shutting down Metals
2023.11.17 23:33:46 INFO  Exiting server
2023.11.17 23:34:17 INFO  Started: Metals version 1.1.0 in folders 'C:\leetcode' for client Visual Studio Code 1.84.2.
2023.11.17 23:34:20 WARN  Build server is not auto-connectable.
2023.11.17 23:34:20 WARN  no build tool detected in workspace 'C:\leetcode'. The most common cause for this problem is that the editor was opened in the wrong working directory, for example if you use sbt then the workspace directory should contain build.sbt. 
2023.11.17 23:34:20 WARN  no build target for: C:\leetcode\scala\t.scala
2023.11.17 23:34:32 INFO  no build target found for C:\leetcode\scala\t.scala. Using presentation compiler with project's scala-library version: 3.3.1
2023.11.17 23:34:36 INFO  time: code lens generation in 15s
2023.11.17 23:34:36 INFO  time: code lens generation in 16s
2023.11.18 11:22:43 INFO  Shutting down server
2023.11.18 11:22:43 INFO  shutting down Metals
2023.11.18 11:22:43 INFO  Exiting server
2023.12.08 20:46:11 INFO  Started: Metals version 1.1.0 in folders 'C:\leetcode' for client Visual Studio Code 1.84.2.
2023.12.08 20:46:12 INFO  time: initialize in 0.47s
2023.12.08 20:46:42 WARN  Build server is not auto-connectable.
2023.12.08 20:46:42 WARN  no build tool detected in workspace 'C:\leetcode'. The most common cause for this problem is that the editor was opened in the wrong working directory, for example if you use sbt then the workspace directory should contain build.sbt. 
2023.12.08 20:46:43 WARN  no build target for: C:\leetcode\scala\t.scala
2023.12.08 20:47:28 INFO  no build target found for C:\leetcode\scala\t.scala. Using presentation compiler with project's scala-library version: 3.3.1
2023.12.09 10:17:48 INFO  Shutting down server
2023.12.09 10:17:48 INFO  shutting down Metals
2023.12.09 10:17:48 INFO  Exiting server
